<?xml version="1.0" encoding="UTF-8"?>
<!-- Generated by org.testng.reporters.JUnitReportReporter -->
<testsuite hostname="MrRahulSangle" failures="0" tests="3" name="Selenium.JavaStreams" time="0.038" errors="0" timestamp="23 Dec 2022 13:26:14 GMT">
  <testcase classname="Selenium.JavaStreams" name="regular" time="0.024"/>
  <testcase classname="Selenium.JavaStreams" name="StreamFilter" time="0.004"/>
  <testcase classname="Selenium.JavaStreams" name="StreamMap" time="0.010"/>
</testsuite> <!-- Selenium.JavaStreams -->
